
/home/runner/work/exp-association-relationship-au/exp-association-relationship-au/experiment/simulation/js/ClassDiagramFill-c3a7b426.js
  1:8544   warning  'n' is defined but never used  no-unused-vars
  1:10677  warning  'n' is defined but never used  no-unused-vars
  1:11038  warning  'n' is defined but never used  no-unused-vars
  1:11406  warning  'n' is defined but never used  no-unused-vars
  1:11759  warning  'n' is defined but never used  no-unused-vars
  1:12125  warning  'n' is defined but never used  no-unused-vars
  1:12499  warning  'n' is defined but never used  no-unused-vars
  1:12871  warning  'n' is defined but never used  no-unused-vars
  1:13245  warning  'n' is defined but never used  no-unused-vars
  1:13616  warning  'n' is defined but never used  no-unused-vars
  1:13986  warning  'n' is defined but never used  no-unused-vars
  1:14362  warning  'n' is defined but never used  no-unused-vars
  1:14740  warning  'n' is defined but never used  no-unused-vars
  1:14918  warning  'n' is defined but never used  no-unused-vars

/home/runner/work/exp-association-relationship-au/exp-association-relationship-au/experiment/simulation/js/CongratulationsPage-36b0b24d.js
  1:401  warning  't' is defined but never used  no-unused-vars
  1:403  warning  'x' is defined but never used  no-unused-vars
  1:405  warning  'v' is defined but never used  no-unused-vars
  1:407  warning  'h' is defined but never used  no-unused-vars
  1:409  warning  'f' is defined but never used  no-unused-vars
  1:411  warning  'b' is defined but never used  no-unused-vars

/home/runner/work/exp-association-relationship-au/exp-association-relationship-au/experiment/simulation/js/Output-268219ef.js
  18:2415  warning  'l' is defined but never used  no-unused-vars
  18:2528  warning  'l' is defined but never used  no-unused-vars
  18:2641  warning  'l' is defined but never used  no-unused-vars
  18:2756  warning  'l' is defined but never used  no-unused-vars
  18:2870  warning  'l' is defined but never used  no-unused-vars
  18:2984  warning  'l' is defined but never used  no-unused-vars
  18:3097  warning  'l' is defined but never used  no-unused-vars

/home/runner/work/exp-association-relationship-au/exp-association-relationship-au/experiment/simulation/js/arraysComponent-8e27bf06.js
  1:2958  warning  'n' is defined but never used  no-unused-vars

/home/runner/work/exp-association-relationship-au/exp-association-relationship-au/experiment/simulation/js/index-63387cbc.js
    1:3180   warning  'global' is not defined                                          no-undef
    1:5138   warning  'e' is defined but never used                                    no-unused-vars
    1:5247   warning  'l' is defined but never used                                    no-unused-vars
    1:5249   warning  'i' is defined but never used                                    no-unused-vars
    1:5776   warning  'e' is defined but never used                                    no-unused-vars
    1:5885   warning  'e' is defined but never used                                    no-unused-vars
    1:7581   warning  't' is defined but never used                                    no-unused-vars
    1:7583   warning  'e' is defined but never used                                    no-unused-vars
    1:7611   warning  't' is defined but never used                                    no-unused-vars
    1:7613   warning  'e' is defined but never used                                    no-unused-vars
    1:9227   warning  'e' is defined but never used                                    no-unused-vars
    1:11257  warning  'e' is defined but never used                                    no-unused-vars
    1:13020  warning  'o' is assigned a value but never used                           no-unused-vars
    1:13752  warning  't' is defined but never used                                    no-unused-vars
    1:14064  warning  't' is defined but never used                                    no-unused-vars
    1:14097  warning  'e' is assigned a value but never used                           no-unused-vars
    1:15349  warning  's' is defined but never used                                    no-unused-vars
    1:17542  warning  'i' is assigned a value but never used                           no-unused-vars
    1:17554  warning  'r' is assigned a value but never used                           no-unused-vars
    1:20554  warning  's' is assigned a value but never used                           no-unused-vars
    1:22576  warning  'L' is assigned a value but never used                           no-unused-vars
    1:22604  warning  'V' is assigned a value but never used                           no-unused-vars
    1:22762  warning  'Ce' is assigned a value but never used                          no-unused-vars
    1:23180  warning  Setter cannot return a value                                     no-setter-return
    1:23643  warning  Setter cannot return a value                                     no-setter-return
    1:23810  warning  's' is assigned a value but never used                           no-unused-vars
    1:24036  warning  Setter cannot return a value                                     no-setter-return
    1:28126  warning  's' is defined but never used                                    no-unused-vars
    1:45226  warning  's' is defined but never used                                    no-unused-vars
    1:48282  warning  'l' is defined but never used                                    no-unused-vars
    1:48895  warning  Empty block statement                                            no-empty
    1:49284  warning  Expected a conditional expression and instead saw an assignment  no-cond-assign
    1:51785  warning  't' is defined but never used                                    no-unused-vars
    1:51787  warning  'e' is defined but never used                                    no-unused-vars
    1:52153  warning  Redundant double negation                                        no-extra-boolean-cast
    1:54322  warning  Unnecessary escape character: \/                                 no-useless-escape
    1:55553  warning  'u' is defined but never used                                    no-unused-vars
    1:63242  warning  Empty block statement                                            no-empty
    1:67346  warning  'A' is defined but never used                                    no-unused-vars
    1:72955  warning  'Z' is defined but never used                                    no-unused-vars
   17:1327   warning  'r' is defined but never used                                    no-unused-vars
   17:4317   warning  'r' is defined but never used                                    no-unused-vars
   28:63     warning  'r' is defined but never used                                    no-unused-vars
   28:3124   warning  'r' is defined but never used                                    no-unused-vars
   28:6584   warning  'r' is defined but never used                                    no-unused-vars
   43:57     warning  'r' is defined but never used                                    no-unused-vars
   43:3570   warning  'r' is defined but never used                                    no-unused-vars
   43:6680   warning  'r' is defined but never used                                    no-unused-vars
   60:1472   warning  'r' is defined but never used                                    no-unused-vars
   60:4035   warning  'r' is defined but never used                                    no-unused-vars
   73:71     warning  'r' is defined but never used                                    no-unused-vars
   73:2629   warning  'r' is defined but never used                                    no-unused-vars
   83:493    warning  'r' is defined but never used                                    no-unused-vars
   95:1197   warning  'r' is defined but never used                                    no-unused-vars
   95:4038   warning  'r' is defined but never used                                    no-unused-vars
   95:7088   warning  'r' is defined but never used                                    no-unused-vars
   95:10375  warning  'r' is defined but never used                                    no-unused-vars
  132:77     warning  'r' is defined but never used                                    no-unused-vars
  145:1104   warning  'r' is defined but never used                                    no-unused-vars
  154:65     warning  'r' is defined but never used                                    no-unused-vars
  161:482    warning  'e' is defined but never used                                    no-unused-vars
  161:484    warning  's' is defined but never used                                    no-unused-vars
  161:486    warning  'o' is defined but never used                                    no-unused-vars
  161:488    warning  'l' is defined but never used                                    no-unused-vars
  161:490    warning  'i' is defined but never used                                    no-unused-vars
  161:1891   warning  't' is already defined                                           no-redeclare
  161:2393   warning  't' is already defined                                           no-redeclare
  161:2894   warning  't' is already defined                                           no-redeclare
  161:3395   warning  't' is already defined                                           no-redeclare
  161:3891   warning  't' is already defined                                           no-redeclare
  161:4392   warning  't' is already defined                                           no-redeclare
  161:4931   warning  't' is already defined                                           no-redeclare
  161:5447   warning  't' is already defined                                           no-redeclare
  161:6008   warning  't' is already defined                                           no-redeclare
  161:6562   warning  't' is already defined                                           no-redeclare
  161:7076   warning  't' is already defined                                           no-redeclare
  161:7817   warning  't' is already defined                                           no-redeclare
  366:9053   warning  'u' is defined but never used                                    no-unused-vars
  366:9225   warning  'u' is defined but never used                                    no-unused-vars
  366:9395   warning  'u' is defined but never used                                    no-unused-vars
  366:9565   warning  'u' is defined but never used                                    no-unused-vars
  366:9735   warning  'u' is defined but never used                                    no-unused-vars
  366:9905   warning  'u' is defined but never used                                    no-unused-vars
  366:10075  warning  'u' is defined but never used                                    no-unused-vars
  366:10245  warning  'u' is defined but never used                                    no-unused-vars
  366:10422  warning  'u' is defined but never used                                    no-unused-vars
  366:10599  warning  'u' is defined but never used                                    no-unused-vars
  366:10779  warning  'u' is defined but never used                                    no-unused-vars
  366:10947  warning  'u' is defined but never used                                    no-unused-vars
  366:11471  warning  'u' is defined but never used                                    no-unused-vars
  366:12028  warning  'u' is defined but never used                                    no-unused-vars
  366:12617  warning  'u' is defined but never used                                    no-unused-vars
  366:13249  warning  'u' is defined but never used                                    no-unused-vars
  366:13903  warning  'u' is defined but never used                                    no-unused-vars
  366:14602  warning  'u' is defined but never used                                    no-unused-vars
  366:15504  warning  'u' is defined but never used                                    no-unused-vars
  366:16156  warning  'u' is defined but never used                                    no-unused-vars
  366:17124  warning  'u' is defined but never used                                    no-unused-vars
  366:18037  warning  'u' is defined but never used                                    no-unused-vars
  366:18605  warning  'u' is defined but never used                                    no-unused-vars
  366:20021  warning  'u' is defined but never used                                    no-unused-vars
  366:20210  warning  'u' is defined but never used                                    no-unused-vars

✖ 130 problems (0 errors, 130 warnings)
  0 errors and 1 warning potentially fixable with the `--fix` option.

